2026-01-09 23:53:55.733832 INFO::Writing function arguments to log file
2026-01-09 23:53:55.737813 DEBUG::Function arguments
2026-01-09 23:53:55.738445 DEBUG::Output folder: C:/Users/36094/Desktop/pc047oma/analyses/data/02_functional_profiling/maaslin2_pathway_results
2026-01-09 23:53:55.738982 DEBUG::Min Abundance: 0.000000
2026-01-09 23:53:55.739459 DEBUG::Min Prevalence: 0.100000
2026-01-09 23:53:55.739952 DEBUG::Normalization: NONE
2026-01-09 23:53:55.740437 DEBUG::Transform: LOG
2026-01-09 23:53:55.740922 DEBUG::Analysis method: LM
2026-01-09 23:53:55.741388 DEBUG::Max significance: 0.250000
2026-01-09 23:53:55.741859 DEBUG::Random effects:
2026-01-09 23:53:55.742349 DEBUG::Fixed effects: treatment_group
2026-01-09 23:53:55.743107 DEBUG::Correction method: BH
2026-01-09 23:53:55.743734 DEBUG::Standardize: TRUE
2026-01-09 23:53:55.744276 DEBUG::Cores: 1
2026-01-09 23:53:55.74479 INFO::Verifying options selected are valid
2026-01-09 23:53:55.776376 INFO::Determining format of input files
2026-01-09 23:53:55.777398 INFO::Input format is data samples as rows and metadata samples as rows
2026-01-09 23:53:55.782101 DEBUG::A total of 9 samples were found in both the data and metadata
2026-01-09 23:53:55.782985 DEBUG::Reordering data/metadata to use same sample ordering
2026-01-09 23:53:55.785251 INFO::Formula for fixed effects: expr ~  treatment_group
2026-01-09 23:53:55.786429 INFO::Factor detected for categorial metadata 'treatment_group'. Provide a reference argument or manually set factor ordering to change reference level.
2026-01-09 23:53:55.787238 INFO::Filter data based on min abundance and min prevalence
2026-01-09 23:53:55.787961 INFO::Total samples in data: 9
2026-01-09 23:53:55.788703 INFO::Min samples required with min abundance for a feature not to be filtered: 0.900000
2026-01-09 23:53:55.792187 INFO::Total filtered features: 22
2026-01-09 23:53:55.793234 INFO::Filtered feature names from abundance and prevalence filtering: ALL.CHORISMATE.PWY..superpathway.of.chorismate.metabolism, AST.PWY..L.arginine.degradation.II..AST.pathway., KDO.NAGLIPASYN.PWY..superpathway.of..Kdo.2.lipid.A.biosynthesis, PWY.1622..formaldehyde.assimilation.I..serine.pathway., PWY.181..photorespiration, PWY.5742..L.arginine.degradation.IX..arginine.pyruvate.transaminase.pathway., PWY.5743..3.hydroxypropanoate.cycle, PWY.6285..superpathway.of.fatty.acids.biosynthesis..E..coli., PWY.6797..6.hydroxymethyl.dihydropterin.diphosphate.biosynthesis.II..Methanocaldococcus., PWY.7401..crotonate.fermentation..to.acetate.and.cyclohexane.carboxylate., PWY.7446..sulfoquinovose.degradation.I, PWY.7805...aminomethyl.phosphonate.degradation, PWY.7807..glyphosate.degradation.III, PWY.7873..D.erythronate.degradation.II, PWY.7874..L.threonate.degradation, PWY.8011..L.serine.biosynthesis.II, PWY0.41..allantoin.degradation.IV..anaerobic., PWY0.881..superpathway.of.fatty.acid.biosynthesis.I..E..coli., PWY66.341..cholesterol.biosynthesis.I, PWY66.3..cholesterol.biosynthesis.II..via.24.25.dihydrolanosterol., PWY66.4..cholesterol.biosynthesis.III..via.desmosterol., PWY66.5..superpathway.of.cholesterol.biosynthesis
2026-01-09 23:53:55.798503 INFO::Total filtered features with variance filtering: 0
2026-01-09 23:53:55.799754 INFO::Filtered feature names from variance filtering:
2026-01-09 23:53:55.800678 INFO::Running selected normalization method: NONE
2026-01-09 23:53:55.801719 INFO::Applying z-score to standardize continuous metadata
2026-01-09 23:53:55.804539 INFO::Running selected transform method: LOG
2026-01-09 23:53:55.80858 INFO::Running selected analysis method: LM
2026-01-09 23:53:55.816634 INFO::Fitting model to feature number 1, X1CMET2.PWY..folate.transformations.III..E..coli.
2026-01-09 23:53:55.819767 INFO::Fitting model to feature number 2, X3.HYDROXYPHENYLACETATE.DEGRADATION.PWY..4.hydroxyphenylacetate.degradation
2026-01-09 23:53:55.821495 INFO::Fitting model to feature number 3, ALLANTOINDEG.PWY..superpathway.of.allantoin.degradation.in.yeast
2026-01-09 23:53:55.823143 INFO::Fitting model to feature number 4, ANAEROFRUCAT.PWY..homolactic.fermentation
2026-01-09 23:53:55.825226 INFO::Fitting model to feature number 5, ANAGLYCOLYSIS.PWY..glycolysis.III..from.glucose.
2026-01-09 23:53:55.827166 INFO::Fitting model to feature number 6, ARG.POLYAMINE.SYN..superpathway.of.arginine.and.polyamine.biosynthesis
2026-01-09 23:53:55.828786 INFO::Fitting model to feature number 7, ARGDEG.PWY..superpathway.of.L.arginine..putrescine..and.4.aminobutanoate.degradation
2026-01-09 23:53:55.830334 INFO::Fitting model to feature number 8, ARGININE.SYN4.PWY..L.ornithine.biosynthesis.II
2026-01-09 23:53:55.831895 INFO::Fitting model to feature number 9, ARGSYN.PWY..L.arginine.biosynthesis.I..via.L.ornithine.
2026-01-09 23:53:55.833525 INFO::Fitting model to feature number 10, ARGSYNBSUB.PWY..L.arginine.biosynthesis.II..acetyl.cycle.
2026-01-09 23:53:55.835253 INFO::Fitting model to feature number 11, ARO.PWY..chorismate.biosynthesis.I
2026-01-09 23:53:55.837018 INFO::Fitting model to feature number 12, BIOTIN.BIOSYNTHESIS.PWY..biotin.biosynthesis.I
2026-01-09 23:53:55.838624 INFO::Fitting model to feature number 13, BRANCHED.CHAIN.AA.SYN.PWY..superpathway.of.branched.chain.amino.acid.biosynthesis
2026-01-09 23:53:55.840267 INFO::Fitting model to feature number 14, CALVIN.PWY..Calvin.Benson.Bassham.cycle
2026-01-09 23:53:55.842213 INFO::Fitting model to feature number 15, CARNMET.PWY..L.carnitine.degradation.I
2026-01-09 23:53:55.844488 INFO::Fitting model to feature number 16, CATECHOL.ORTHO.CLEAVAGE.PWY..catechol.degradation.to..beta..ketoadipate
2026-01-09 23:53:55.846405 INFO::Fitting model to feature number 17, CENTFERM.PWY..pyruvate.fermentation.to.butanoate
2026-01-09 23:53:55.848059 INFO::Fitting model to feature number 18, CHLOROPHYLL.SYN..3.8.divinyl.chlorophyllide.a.biosynthesis.I..aerobic..light.dependent.
2026-01-09 23:53:55.849748 INFO::Fitting model to feature number 19, CITRULBIO.PWY..L.citrulline.biosynthesis
2026-01-09 23:53:55.851408 INFO::Fitting model to feature number 20, COA.PWY.1..superpathway.of.coenzyme.A.biosynthesis.III..mammals.
2026-01-09 23:53:55.853198 INFO::Fitting model to feature number 21, COA.PWY..coenzyme.A.biosynthesis.I..prokaryotic.
2026-01-09 23:53:55.854912 INFO::Fitting model to feature number 22, COBALSYN.PWY..superpathway.of.adenosylcobalamin.salvage.from.cobinamide.I
2026-01-09 23:53:55.856697 INFO::Fitting model to feature number 23, COLANSYN.PWY..colanic.acid.building.blocks.biosynthesis
2026-01-09 23:53:55.858533 INFO::Fitting model to feature number 24, COMPLETE.ARO.PWY..superpathway.of.aromatic.amino.acid.biosynthesis
2026-01-09 23:53:55.860385 INFO::Fitting model to feature number 25, CRNFORCAT.PWY..creatinine.degradation.I
2026-01-09 23:53:55.862224 INFO::Fitting model to feature number 26, DAPLYSINESYN.PWY..L.lysine.biosynthesis.I
2026-01-09 23:53:55.863917 INFO::Fitting model to feature number 27, DARABCATK12.PWY..D.arabinose.degradation.I
2026-01-09 23:53:55.865623 INFO::Fitting model to feature number 28, DENITRIFICATION.PWY..nitrate.reduction.I..denitrification.
2026-01-09 23:53:55.86737 INFO::Fitting model to feature number 29, DENOVOPURINE2.PWY..superpathway.of.purine.nucleotides.de.novo.biosynthesis.II
2026-01-09 23:53:55.869137 INFO::Fitting model to feature number 30, DHGLUCONATE.PYR.CAT.PWY..glucose.degradation..oxidative.
2026-01-09 23:53:55.870903 INFO::Fitting model to feature number 31, DTDPRHAMSYN.PWY..dTDP..beta..L.rhamnose.biosynthesis
2026-01-09 23:53:55.872659 INFO::Fitting model to feature number 32, ECASYN.PWY..enterobacterial.common.antigen.biosynthesis
2026-01-09 23:53:55.87447 INFO::Fitting model to feature number 33, FAO.PWY..fatty.acid..beta..oxidation.I..generic.
2026-01-09 23:53:55.876003 INFO::Fitting model to feature number 34, FASYN.INITIAL.PWY..superpathway.of.fatty.acid.biosynthesis.initiation..E..coli.
2026-01-09 23:53:55.877575 INFO::Fitting model to feature number 35, FERMENTATION.PWY..mixed.acid.fermentation
2026-01-09 23:53:55.879229 INFO::Fitting model to feature number 36, FOLSYN.PWY..superpathway.of.tetrahydrofolate.biosynthesis.and.salvage
2026-01-09 23:53:55.880787 INFO::Fitting model to feature number 37, FUC.RHAMCAT.PWY..superpathway.of.fucose.and.rhamnose.degradation
2026-01-09 23:53:55.882397 INFO::Fitting model to feature number 38, FUCCAT.PWY..fucose.degradation
2026-01-09 23:53:55.884249 INFO::Fitting model to feature number 39, GALACT.GLUCUROCAT.PWY..superpathway.of.hexuronide.and.hexuronate.degradation
2026-01-09 23:53:55.885802 INFO::Fitting model to feature number 40, GALACTARDEG.PWY..D.galactarate.degradation.I
2026-01-09 23:53:55.887358 INFO::Fitting model to feature number 41, GALACTITOLCAT.PWY..galactitol.degradation
2026-01-09 23:53:55.889182 INFO::Fitting model to feature number 42, GALLATE.DEGRADATION.I.PWY..gallate.degradation.II
2026-01-09 23:53:55.890805 INFO::Fitting model to feature number 43, GALLATE.DEGRADATION.II.PWY..gallate.degradation.I
2026-01-09 23:53:55.892532 INFO::Fitting model to feature number 44, GLCMANNANAUT.PWY..superpathway.of.N.acetylglucosamine..N.acetylmannosamine.and.N.acetylneuraminate.degradation
2026-01-09 23:53:55.894118 INFO::Fitting model to feature number 45, GLUCARDEG.PWY..D.glucarate.degradation.I
2026-01-09 23:53:55.895669 INFO::Fitting model to feature number 46, GLUCARGALACTSUPER.PWY..superpathway.of.D.glucarate.and.D.galactarate.degradation
2026-01-09 23:53:55.89735 INFO::Fitting model to feature number 47, GLUCONEO.PWY..gluconeogenesis.I
2026-01-09 23:53:55.899054 INFO::Fitting model to feature number 48, GLUCOSE1PMETAB.PWY..glucose.and.glucose.1.phosphate.degradation
2026-01-09 23:53:55.900698 INFO::Fitting model to feature number 49, GLUCUROCAT.PWY..superpathway.of..beta..D.glucuronosides.degradation
2026-01-09 23:53:55.9023 INFO::Fitting model to feature number 50, GLUDEG.I.PWY..GABA.shunt
2026-01-09 23:53:55.904027 INFO::Fitting model to feature number 51, GLUDEG.II.PWY..L.glutamate.degradation.VII..to.butanoate.
2026-01-09 23:53:55.905797 INFO::Fitting model to feature number 52, GLUTORN.PWY..L.ornithine.biosynthesis.I
2026-01-09 23:53:55.907486 INFO::Fitting model to feature number 53, GLYCOCAT.PWY..glycogen.degradation.I
2026-01-09 23:53:55.909155 INFO::Fitting model to feature number 54, GLYCOGENSYNTH.PWY..glycogen.biosynthesis.I..from.ADP.D.Glucose.
2026-01-09 23:53:55.910733 INFO::Fitting model to feature number 55, GLYCOL.GLYOXDEG.PWY..superpathway.of.glycol.metabolism.and.degradation
2026-01-09 23:53:55.912229 INFO::Fitting model to feature number 56, GLYCOLYSIS.E.D..superpathway.of.glycolysis.and.the.Entner.Doudoroff.pathway
2026-01-09 23:53:55.913928 INFO::Fitting model to feature number 57, GLYCOLYSIS.TCA.GLYOX.BYPASS..superpathway.of.glycolysis..pyruvate.dehydrogenase..TCA..and.glyoxylate.bypass
2026-01-09 23:53:55.915451 INFO::Fitting model to feature number 58, GLYCOLYSIS..glycolysis.I..from.glucose.6.phosphate.
2026-01-09 23:53:55.917379 INFO::Fitting model to feature number 59, GOLPDLCAT.PWY..superpathway.of.glycerol.degradation.to.1.3.propanediol
2026-01-09 23:53:55.919457 INFO::Fitting model to feature number 60, HCAMHPDEG.PWY..3.phenylpropanoate.and.3..3.hydroxyphenyl.propanoate.degradation.to.2.hydroxypentadienoate
2026-01-09 23:53:55.921526 INFO::Fitting model to feature number 61, HEME.BIOSYNTHESIS.II.1..heme.b.biosynthesis.V..aerobic.
2026-01-09 23:53:55.923384 INFO::Fitting model to feature number 62, HEME.BIOSYNTHESIS.II..heme.b.biosynthesis.I..aerobic.
2026-01-09 23:53:55.92505 INFO::Fitting model to feature number 63, HEMESYN2.PWY..heme.b.biosynthesis.II..oxygen.independent.
2026-01-09 23:53:55.926925 INFO::Fitting model to feature number 64, HEXITOLDEGSUPER.PWY..superpathway.of.hexitol.degradation..bacteria.
2026-01-09 23:53:55.928614 INFO::Fitting model to feature number 65, HISDEG.PWY..L.histidine.degradation.I
2026-01-09 23:53:55.930541 INFO::Fitting model to feature number 66, HISTSYN.PWY..L.histidine.biosynthesis
2026-01-09 23:53:55.932427 INFO::Fitting model to feature number 67, HOMOSER.METSYN.PWY..L.methionine.biosynthesis.I
2026-01-09 23:53:55.934231 INFO::Fitting model to feature number 68, HSERMETANA.PWY..L.methionine.biosynthesis.III
2026-01-09 23:53:55.936981 INFO::Fitting model to feature number 69, ILEUDEG.PWY..L.isoleucine.degradation.I
2026-01-09 23:53:55.939134 INFO::Fitting model to feature number 70, ILEUSYN.PWY..L.isoleucine.biosynthesis.I..from.threonine.
2026-01-09 23:53:55.941192 INFO::Fitting model to feature number 71, KETOGLUCONMET.PWY..ketogluconate.metabolism
2026-01-09 23:53:55.942961 INFO::Fitting model to feature number 72, LACTOSECAT.PWY..lactose.and.galactose.degradation.I
2026-01-09 23:53:55.944572 INFO::Fitting model to feature number 73, LIPASYN.PWY..phospholipases
2026-01-09 23:53:55.946253 INFO::Fitting model to feature number 74, LYSINE.DEG1.PWY..L.lysine.degradation.XI..mammalian.
2026-01-09 23:53:55.948064 INFO::Fitting model to feature number 75, M.CRESOL.DEGRADATION.PWY..m.cresol.degradation
2026-01-09 23:53:55.949658 INFO::Fitting model to feature number 76, MET.SAM.PWY..superpathway.of.S.adenosyl.L.methionine.biosynthesis
2026-01-09 23:53:55.951438 INFO::Fitting model to feature number 77, METH.ACETATE.PWY..methanogenesis.from.acetate
2026-01-09 23:53:55.95319 INFO::Fitting model to feature number 78, METHGLYUT.PWY..superpathway.of.methylglyoxal.degradation
2026-01-09 23:53:55.954841 INFO::Fitting model to feature number 79, METHYLGALLATE.DEGRADATION.PWY..methylgallate.degradation
2026-01-09 23:53:55.956408 INFO::Fitting model to feature number 80, METSYN.PWY..superpathway.of.L.homoserine.and.L.methionine.biosynthesis
2026-01-09 23:53:55.957927 INFO::Fitting model to feature number 81, NAD.BIOSYNTHESIS.II..NAD.salvage.pathway.III..to.nicotinamide.riboside.
2026-01-09 23:53:55.959437 INFO::Fitting model to feature number 82, NADSYN.PWY..NAD.de.novo.biosynthesis.II..from.tryptophan.
2026-01-09 23:53:55.961085 INFO::Fitting model to feature number 83, NAGLIPASYN.PWY..lipid.IVA.biosynthesis..E..coli.
2026-01-09 23:53:55.962742 INFO::Fitting model to feature number 84, NONMEVIPP.PWY..methylerythritol.phosphate.pathway.I
2026-01-09 23:53:55.964246 INFO::Fitting model to feature number 85, NONOXIPENT.PWY..pentose.phosphate.pathway..non.oxidative.branch..I
2026-01-09 23:53:55.965779 INFO::Fitting model to feature number 86, NPGLUCAT.PWY..Entner.Doudoroff.pathway.II..non.phosphorylative.
2026-01-09 23:53:55.967262 INFO::Fitting model to feature number 87, OANTIGEN.PWY..O.antigen.building.blocks.biosynthesis..E..coli.
2026-01-09 23:53:55.968866 INFO::Fitting model to feature number 88, ORNARGDEG.PWY..superpathway.of.L.arginine.and.L.ornithine.degradation
2026-01-09 23:53:55.970415 INFO::Fitting model to feature number 89, ORNDEG.PWY..superpathway.of.ornithine.degradation
2026-01-09 23:53:55.972053 INFO::Fitting model to feature number 90, P101.PWY..ectoine.biosynthesis
2026-01-09 23:53:55.973644 INFO::Fitting model to feature number 91, P105.PWY..TCA.cycle.IV..2.oxoglutarate.decarboxylase.
2026-01-09 23:53:55.975158 INFO::Fitting model to feature number 92, P108.PWY..pyruvate.fermentation.to.propanoate.I
2026-01-09 23:53:55.976686 INFO::Fitting model to feature number 93, P122.PWY..heterolactic.fermentation
2026-01-09 23:53:55.978356 INFO::Fitting model to feature number 94, P124.PWY..Bifidobacterium.shunt
2026-01-09 23:53:55.9801 INFO::Fitting model to feature number 95, P125.PWY..superpathway.of..R.R..butanediol.biosynthesis
2026-01-09 23:53:55.981975 INFO::Fitting model to feature number 96, P161.PWY..acetylene.degradation..anaerobic.
2026-01-09 23:53:55.983698 INFO::Fitting model to feature number 97, P162.PWY..L.glutamate.degradation.V..via.hydroxyglutarate.
2026-01-09 23:53:55.985268 INFO::Fitting model to feature number 98, P163.PWY..L.lysine.fermentation.to.acetate.and.butanoate
2026-01-09 23:53:55.987004 INFO::Fitting model to feature number 99, P164.PWY..purine.nucleobases.degradation.I..anaerobic.
2026-01-09 23:53:55.988714 INFO::Fitting model to feature number 100, P184.PWY..protocatechuate.degradation.I..meta.cleavage.pathway.
2026-01-09 23:53:55.99031 INFO::Fitting model to feature number 101, P185.PWY..formaldehyde.assimilation.III..dihydroxyacetone.cycle.
2026-01-09 23:53:55.992022 INFO::Fitting model to feature number 102, P221.PWY..octane.oxidation
2026-01-09 23:53:55.993529 INFO::Fitting model to feature number 103, P23.PWY..reductive.TCA.cycle.I
2026-01-09 23:53:55.995233 INFO::Fitting model to feature number 104, P261.PWY..coenzyme.M.biosynthesis.I
2026-01-09 23:53:55.996908 INFO::Fitting model to feature number 105, P3.PWY..gallate.degradation.III..anaerobic.
2026-01-09 23:53:55.998544 INFO::Fitting model to feature number 106, P4.PWY..superpathway.of.L.lysine..L.threonine.and.L.methionine.biosynthesis.I
2026-01-09 23:53:56.000148 INFO::Fitting model to feature number 107, P42.PWY..incomplete.reductive.TCA.cycle
2026-01-09 23:53:56.001835 INFO::Fitting model to feature number 108, P441.PWY..superpathway.of.N.acetylneuraminate.degradation
2026-01-09 23:53:56.003531 INFO::Fitting model to feature number 109, P461.PWY..hexitol.fermentation.to.lactate..formate..ethanol.and.acetate
2026-01-09 23:53:56.005402 INFO::Fitting model to feature number 110, P562.PWY..myo.inositol.degradation.I
2026-01-09 23:53:56.007222 INFO::Fitting model to feature number 111, PANTO.PWY..phosphopantothenate.biosynthesis.I
2026-01-09 23:53:56.009255 INFO::Fitting model to feature number 112, PANTOSYN.PWY..superpathway.of.coenzyme.A.biosynthesis.I..bacteria.
2026-01-09 23:53:56.011063 INFO::Fitting model to feature number 113, PENTOSE.P.PWY..pentose.phosphate.pathway
2026-01-09 23:53:56.012779 INFO::Fitting model to feature number 114, PEPTIDOGLYCANSYN.PWY..peptidoglycan.biosynthesis.I..meso.diaminopimelate.containing.
2026-01-09 23:53:56.014965 INFO::Fitting model to feature number 115, PHOSLIPSYN.PWY..superpathway.of.phospholipid.biosynthesis.I..bacteria.
2026-01-09 23:53:56.016811 INFO::Fitting model to feature number 116, POLYAMINSYN3.PWY..superpathway.of.polyamine.biosynthesis.II
2026-01-09 23:53:56.018637 INFO::Fitting model to feature number 117, POLYAMSYN.PWY..superpathway.of.polyamine.biosynthesis.I
2026-01-09 23:53:56.020498 INFO::Fitting model to feature number 118, POLYISOPRENSYN.PWY..polyisoprenoid.biosynthesis..E..coli.
2026-01-09 23:53:56.022115 INFO::Fitting model to feature number 119, PPGPPMET.PWY..ppGpp.metabolism
2026-01-09 23:53:56.023663 INFO::Fitting model to feature number 120, PROTOCATECHUATE.ORTHO.CLEAVAGE.PWY..protocatechuate.degradation.II..ortho.cleavage.pathway.
2026-01-09 23:53:56.02514 INFO::Fitting model to feature number 121, PRPP.PWY..superpathway.of.histidine..purine..and.pyrimidine.biosynthesis
2026-01-09 23:53:56.026906 INFO::Fitting model to feature number 122, PWY.101..photosynthesis.light.reactions
2026-01-09 23:53:56.028719 INFO::Fitting model to feature number 123, PWY.1042..glycolysis.IV
2026-01-09 23:53:56.030347 INFO::Fitting model to feature number 124, PWY.1269..CMP.3.deoxy.D.manno.octulosonate.biosynthesis
2026-01-09 23:53:56.032024 INFO::Fitting model to feature number 125, PWY.1361..benzoyl.CoA.degradation.I..aerobic.
2026-01-09 23:53:56.033903 INFO::Fitting model to feature number 126, PWY.1861..formaldehyde.assimilation.II..assimilatory.RuMP.Cycle.
2026-01-09 23:53:56.035667 INFO::Fitting model to feature number 127, PWY.2201..folate.transformations.I
2026-01-09 23:53:56.037255 INFO::Fitting model to feature number 128, PWY.2221..Entner.Doudoroff.pathway.III..semi.phosphorylative.
2026-01-09 23:53:56.038818 INFO::Fitting model to feature number 129, PWY.241..C4.photosynthetic.carbon.assimilation.cycle..NADP.ME.type
2026-01-09 23:53:56.040514 INFO::Fitting model to feature number 130, PWY.2941..L.lysine.biosynthesis.II
2026-01-09 23:53:56.042098 INFO::Fitting model to feature number 131, PWY.2942..L.lysine.biosynthesis.III
2026-01-09 23:53:56.043707 INFO::Fitting model to feature number 132, PWY.3001..superpathway.of.L.isoleucine.biosynthesis.I
2026-01-09 23:53:56.045552 INFO::Fitting model to feature number 133, PWY.3481..superpathway.of.L.phenylalanine.and.L.tyrosine.biosynthesis
2026-01-09 23:53:56.047341 INFO::Fitting model to feature number 134, PWY.3502..superpathway.of.NAD.biosynthesis.in.eukaryotes
2026-01-09 23:53:56.048958 INFO::Fitting model to feature number 135, PWY.3661..glycine.betaine.degradation.I
2026-01-09 23:53:56.0505 INFO::Fitting model to feature number 136, PWY.3781..aerobic.respiration.I..cytochrome.c.
2026-01-09 23:53:56.051998 INFO::Fitting model to feature number 137, PWY.3801..sucrose.degradation.II..sucrose.synthase.
2026-01-09 23:53:56.053668 INFO::Fitting model to feature number 138, PWY.3841..folate.transformations.II..plants.
2026-01-09 23:53:56.055171 INFO::Fitting model to feature number 139, PWY.3941...beta..alanine.biosynthesis.II
2026-01-09 23:53:56.05683 INFO::Fitting model to feature number 140, PWY.4041...gamma..glutamyl.cycle
2026-01-09 23:53:56.058447 INFO::Fitting model to feature number 141, PWY.4061..glutathione.mediated.detoxification.I
2026-01-09 23:53:56.060266 INFO::Fitting model to feature number 142, PWY.4221..superpathway.of.coenzyme.A.biosynthesis.II..plants.
2026-01-09 23:53:56.061885 INFO::Fitting model to feature number 143, PWY.4321..L.glutamate.degradation.IV
2026-01-09 23:53:56.063398 INFO::Fitting model to feature number 144, PWY.4361..S.methyl.5.thio..alpha..D.ribose.1.phosphate.degradation.I
2026-01-09 23:53:56.06509 INFO::Fitting model to feature number 145, PWY.4661..1D.myo.inositol.hexakisphosphate.biosynthesis.III..Spirodela.polyrrhiza.
2026-01-09 23:53:56.066683 INFO::Fitting model to feature number 146, PWY.4702..phytate.degradation.I
2026-01-09 23:53:56.06855 INFO::Fitting model to feature number 147, PWY.4722..creatinine.degradation.II
2026-01-09 23:53:56.070196 INFO::Fitting model to feature number 148, PWY.4984..urea.cycle
2026-01-09 23:53:56.071786 INFO::Fitting model to feature number 149, PWY.5004..superpathway.of.L.citrulline.metabolism
2026-01-09 23:53:56.073562 INFO::Fitting model to feature number 150, PWY.5005..biotin.biosynthesis.II
2026-01-09 23:53:56.075437 INFO::Fitting model to feature number 151, PWY.5022..4.aminobutanoate.degradation.V
2026-01-09 23:53:56.077398 INFO::Fitting model to feature number 152, PWY.5028..L.histidine.degradation.II
2026-01-09 23:53:56.079009 INFO::Fitting model to feature number 153, PWY.5030..L.histidine.degradation.III
2026-01-09 23:53:56.080821 INFO::Fitting model to feature number 154, PWY.5055..nicotinate.degradation.III
2026-01-09 23:53:56.08269 INFO::Fitting model to feature number 155, PWY.5067..glycogen.biosynthesis.II..from.UDP.D.Glucose.
2026-01-09 23:53:56.084626 INFO::Fitting model to feature number 156, PWY.5080..very.long.chain.fatty.acid.biosynthesis.I
2026-01-09 23:53:56.08644 INFO::Fitting model to feature number 157, PWY.5088..L.glutamate.degradation.VIII..to.propanoate.
2026-01-09 23:53:56.088118 INFO::Fitting model to feature number 158, PWY.5097..L.lysine.biosynthesis.VI
2026-01-09 23:53:56.089819 INFO::Fitting model to feature number 159, PWY.5101..L.isoleucine.biosynthesis.II
2026-01-09 23:53:56.091664 INFO::Fitting model to feature number 160, PWY.5103..L.isoleucine.biosynthesis.III
2026-01-09 23:53:56.093662 INFO::Fitting model to feature number 161, PWY.5104..L.isoleucine.biosynthesis.IV
2026-01-09 23:53:56.095238 INFO::Fitting model to feature number 162, PWY.5109..propanoate.fermentation.to.2.methylbutanoate
2026-01-09 23:53:56.097218 INFO::Fitting model to feature number 163, PWY.5121..superpathway.of.geranylgeranyl.diphosphate.biosynthesis.II..via.MEP.
2026-01-09 23:53:56.098985 INFO::Fitting model to feature number 164, PWY.5129..sphingolipid.biosynthesis..plants.
2026-01-09 23:53:56.100803 INFO::Fitting model to feature number 165, PWY.5130..2.oxobutanoate.degradation.I
2026-01-09 23:53:56.102628 INFO::Fitting model to feature number 166, PWY.5136..fatty.acid..beta..oxidation.II..plant.peroxisome.
2026-01-09 23:53:56.104327 INFO::Fitting model to feature number 167, PWY.5138..fatty.acid..beta..oxidation.IV..unsaturated..even.number.
2026-01-09 23:53:56.106263 INFO::Fitting model to feature number 168, PWY.5154..L.arginine.biosynthesis.III..via.N.acetyl.L.citrulline.
2026-01-09 23:53:56.107952 INFO::Fitting model to feature number 169, PWY.5156..superpathway.of.fatty.acid.biosynthesis.II..plant.
2026-01-09 23:53:56.109598 INFO::Fitting model to feature number 170, PWY.5178..toluene.degradation.IV..aerobic...via.catechol.
2026-01-09 23:53:56.111156 INFO::Fitting model to feature number 171, PWY.5180..toluene.degradation.I..aerobic...via.o.cresol.
2026-01-09 23:53:56.112664 INFO::Fitting model to feature number 172, PWY.5188..tetrapyrrole.biosynthesis.I..from.glutamate.
2026-01-09 23:53:56.114246 INFO::Fitting model to feature number 173, PWY.5189..tetrapyrrole.biosynthesis.II..from.glycine.
2026-01-09 23:53:56.115863 INFO::Fitting model to feature number 174, PWY.5207..coenzyme.B.coenzyme.M.regeneration.I..methanophenazine.dependent.
2026-01-09 23:53:56.117627 INFO::Fitting model to feature number 175, PWY.5265..peptidoglycan.biosynthesis.II..staphylococci.
2026-01-09 23:53:56.11928 INFO::Fitting model to feature number 176, PWY.5266..p.cymene.degradation
2026-01-09 23:53:56.12098 INFO::Fitting model to feature number 177, PWY.5273..p.cumate.degradation
2026-01-09 23:53:56.123264 INFO::Fitting model to feature number 178, PWY.5328..superpathway.of.L.methionine.salvage.and.degradation
2026-01-09 23:53:56.126138 INFO::Fitting model to feature number 179, PWY.5345..superpathway.of.L.methionine.biosynthesis..by.sulfhydrylation.
2026-01-09 23:53:56.127927 INFO::Fitting model to feature number 180, PWY.5347..superpathway.of.L.methionine.biosynthesis..transsulfuration.
2026-01-09 23:53:56.1297 INFO::Fitting model to feature number 181, PWY.5367..petroselinate.biosynthesis
2026-01-09 23:53:56.131275 INFO::Fitting model to feature number 182, PWY.5381..NAD.salvage..plants.
2026-01-09 23:53:56.13293 INFO::Fitting model to feature number 183, PWY.5384..sucrose.degradation.IV..sucrose.phosphorylase.
2026-01-09 23:53:56.134536 INFO::Fitting model to feature number 184, PWY.5392..reductive.TCA.cycle.II
2026-01-09 23:53:56.136429 INFO::Fitting model to feature number 185, PWY.5415..catechol.degradation.I..meta.cleavage.pathway.
2026-01-09 23:53:56.138105 INFO::Fitting model to feature number 186, PWY.5417..catechol.degradation.III..ortho.cleavage.pathway.
2026-01-09 23:53:56.139673 INFO::Fitting model to feature number 187, PWY.5419..catechol.degradation.to.2.hydroxypentadienoate.II
2026-01-09 23:53:56.141297 INFO::Fitting model to feature number 188, PWY.5420..catechol.degradation.II..meta.cleavage.pathway.
2026-01-09 23:53:56.142992 INFO::Fitting model to feature number 189, PWY.5430..meta.cleavage.pathway.of.aromatic.compounds
2026-01-09 23:53:56.144669 INFO::Fitting model to feature number 190, PWY.5431..aromatic.compounds.degradation.via..beta..ketoadipate
2026-01-09 23:53:56.146292 INFO::Fitting model to feature number 191, PWY.5464..superpathway.of.cytosolic.glycolysis..plants...pyruvate.dehydrogenase.and.TCA.cycle
2026-01-09 23:53:56.147871 INFO::Fitting model to feature number 192, PWY.5484..glycolysis.II..from.fructose.6.phosphate.
2026-01-09 23:53:56.149391 INFO::Fitting model to feature number 193, PWY.5497..purine.nucleobases.degradation.II..anaerobic.
2026-01-09 23:53:56.150988 INFO::Fitting model to feature number 194, PWY.5505..L.glutamate.and.L.glutamine.biosynthesis
2026-01-09 23:53:56.15302 INFO::Fitting model to feature number 195, PWY.5514..UDP.N.acetyl.D.galactosamine.biosynthesis.II
2026-01-09 23:53:56.154729 INFO::Fitting model to feature number 196, PWY.5531..3.8.divinyl.chlorophyllide.a.biosynthesis.II..anaerobic.
2026-01-09 23:53:56.156625 INFO::Fitting model to feature number 197, PWY.561..superpathway.of.glyoxylate.cycle.and.fatty.acid.degradation
2026-01-09 23:53:56.158283 INFO::Fitting model to feature number 198, PWY.5644..4.nitrotoluene.degradation.II
2026-01-09 23:53:56.16016 INFO::Fitting model to feature number 199, PWY.5647..2.nitrobenzoate.degradation.I
2026-01-09 23:53:56.161911 INFO::Fitting model to feature number 200, PWY.5651..L.tryptophan.degradation.to.2.amino.3.carboxymuconate.semialdehyde
2026-01-09 23:53:56.163462 INFO::Fitting model to feature number 201, PWY.5654..2.amino.3.carboxymuconate.semialdehyde.degradation.to.2.hydroxypentadienoate
2026-01-09 23:53:56.165139 INFO::Fitting model to feature number 202, PWY.5655..L.tryptophan.degradation.IX
2026-01-09 23:53:56.166931 INFO::Fitting model to feature number 203, PWY.5656..mannosylglycerate.biosynthesis.I
2026-01-09 23:53:56.169149 INFO::Fitting model to feature number 204, PWY.5659..GDP.mannose.biosynthesis
2026-01-09 23:53:56.170912 INFO::Fitting model to feature number 205, PWY.5667..CDP.diacylglycerol.biosynthesis.I
2026-01-09 23:53:56.172647 INFO::Fitting model to feature number 206, PWY.5675..nitrate.reduction.V..assimilatory.
2026-01-09 23:53:56.174392 INFO::Fitting model to feature number 207, PWY.5677..succinate.fermentation.to.butanoate
2026-01-09 23:53:56.17621 INFO::Fitting model to feature number 208, PWY.5686..UMP.biosynthesis.I
2026-01-09 23:53:56.177873 INFO::Fitting model to feature number 209, PWY.5690..TCA.cycle.II..plants.and.fungi.
2026-01-09 23:53:56.179624 INFO::Fitting model to feature number 210, PWY.5692..allantoin.degradation.to.glyoxylate.II
2026-01-09 23:53:56.181423 INFO::Fitting model to feature number 211, PWY.5695..inosine.5..phosphate.degradation
2026-01-09 23:53:56.183296 INFO::Fitting model to feature number 212, PWY.5705..allantoin.degradation.to.glyoxylate.III
2026-01-09 23:53:56.185132 INFO::Fitting model to feature number 213, PWY.5723..Rubisco.shunt
2026-01-09 23:53:56.186836 INFO::Fitting model to feature number 214, PWY.5724..superpathway.of.atrazine.degradation
2026-01-09 23:53:56.18849 INFO::Fitting model to feature number 215, PWY.5747..2.methylcitrate.cycle.II
2026-01-09 23:53:56.190015 INFO::Fitting model to feature number 216, PWY.5757..fosfomycin.biosynthesis
2026-01-09 23:53:56.19152 INFO::Fitting model to feature number 217, PWY.5789..3.hydroxypropanoate.4.hydroxybutanate.cycle
2026-01-09 23:53:56.193089 INFO::Fitting model to feature number 218, PWY.5837..2.carboxy.1.4.naphthoquinol.biosynthesis
2026-01-09 23:53:56.194617 INFO::Fitting model to feature number 219, PWY.5838..superpathway.of.menaquinol.8.biosynthesis.I
2026-01-09 23:53:56.196102 INFO::Fitting model to feature number 220, PWY.5840..superpathway.of.menaquinol.7.biosynthesis
2026-01-09 23:53:56.197841 INFO::Fitting model to feature number 221, PWY.5845..superpathway.of.menaquinol.9.biosynthesis
2026-01-09 23:53:56.199413 INFO::Fitting model to feature number 222, PWY.5850..superpathway.of.menaquinol.6.biosynthesis
2026-01-09 23:53:56.200971 INFO::Fitting model to feature number 223, PWY.5855..ubiquinol.7.biosynthesis..early.decarboxylation.
2026-01-09 23:53:56.202613 INFO::Fitting model to feature number 224, PWY.5856..ubiquinol.9.biosynthesis..early.decarboxylation.
2026-01-09 23:53:56.204222 INFO::Fitting model to feature number 225, PWY.5857..ubiquinol.10.biosynthesis..early.decarboxylation.
2026-01-09 23:53:56.206068 INFO::Fitting model to feature number 226, PWY.5860..superpathway.of.demethylmenaquinol.6.biosynthesis.I
2026-01-09 23:53:56.207825 INFO::Fitting model to feature number 227, PWY.5861..superpathway.of.demethylmenaquinol.8.biosynthesis.I
2026-01-09 23:53:56.209512 INFO::Fitting model to feature number 228, PWY.5862..superpathway.of.demethylmenaquinol.9.biosynthesis
2026-01-09 23:53:56.211184 INFO::Fitting model to feature number 229, PWY.5864..superpathway.of.plastoquinol.biosynthesis
2026-01-09 23:53:56.21279 INFO::Fitting model to feature number 230, PWY.5870..ubiquinol.8.biosynthesis..late.decarboxylation.
2026-01-09 23:53:56.214511 INFO::Fitting model to feature number 231, PWY.5871..ubiquinol.9.biosynthesis..late.decarboxylation.
2026-01-09 23:53:56.216033 INFO::Fitting model to feature number 232, PWY.5872..ubiquinol.10.biosynthesis..late.decarboxylation.
2026-01-09 23:53:56.217737 INFO::Fitting model to feature number 233, PWY.5873..ubiquinol.7.biosynthesis..late.decarboxylation.
2026-01-09 23:53:56.219283 INFO::Fitting model to feature number 234, PWY.5896..superpathway.of.menaquinol.10.biosynthesis
2026-01-09 23:53:56.220816 INFO::Fitting model to feature number 235, PWY.5897..superpathway.of.menaquinol.11.biosynthesis
2026-01-09 23:53:56.222387 INFO::Fitting model to feature number 236, PWY.5898..superpathway.of.menaquinol.12.biosynthesis
2026-01-09 23:53:56.224013 INFO::Fitting model to feature number 237, PWY.5899..superpathway.of.menaquinol.13.biosynthesis
2026-01-09 23:53:56.225663 INFO::Fitting model to feature number 238, PWY.5910..superpathway.of.geranylgeranyldiphosphate.biosynthesis.I..via.mevalonate.
2026-01-09 23:53:56.227352 INFO::Fitting model to feature number 239, PWY.5913..partial.TCA.cycle..obligate.autotrophs.
2026-01-09 23:53:56.229423 INFO::Fitting model to feature number 240, PWY.5918..superpathway.of.heme.b.biosynthesis.from.glutamate
2026-01-09 23:53:56.231213 INFO::Fitting model to feature number 241, PWY.5920..superpathway.of.heme.b.biosynthesis.from.glycine
2026-01-09 23:53:56.233132 INFO::Fitting model to feature number 242, PWY.5941..glycogen.degradation.II
2026-01-09 23:53:56.234728 INFO::Fitting model to feature number 243, PWY.5971..palmitate.biosynthesis..type.II.fatty.acid.synthase.
2026-01-09 23:53:56.236311 INFO::Fitting model to feature number 244, PWY.5972..stearate.biosynthesis.I..animals.
2026-01-09 23:53:56.238099 INFO::Fitting model to feature number 245, PWY.5973..cis.vaccenate.biosynthesis
2026-01-09 23:53:56.240042 INFO::Fitting model to feature number 246, PWY.5981..CDP.diacylglycerol.biosynthesis.III
2026-01-09 23:53:56.241796 INFO::Fitting model to feature number 247, PWY.5989..stearate.biosynthesis.II..bacteria.and.plants.
2026-01-09 23:53:56.243865 INFO::Fitting model to feature number 248, PWY.6030..serotonin.and.melatonin.biosynthesis
2026-01-09 23:53:56.245854 INFO::Fitting model to feature number 249, PWY.6060..malonate.degradation.II..biotin.dependent.
2026-01-09 23:53:56.247924 INFO::Fitting model to feature number 250, PWY.6071..superpathway.of.phenylethylamine.degradation
2026-01-09 23:53:56.249772 INFO::Fitting model to feature number 251, PWY.6107..chlorosalicylate.degradation
2026-01-09 23:53:56.251473 INFO::Fitting model to feature number 252, PWY.6121..5.aminoimidazole.ribonucleotide.biosynthesis.I
2026-01-09 23:53:56.253413 INFO::Fitting model to feature number 253, PWY.6122..5.aminoimidazole.ribonucleotide.biosynthesis.II
2026-01-09 23:53:56.25533 INFO::Fitting model to feature number 254, PWY.6123..inosine.5..phosphate.biosynthesis.I
2026-01-09 23:53:56.257031 INFO::Fitting model to feature number 255, PWY.6124..inosine.5..phosphate.biosynthesis.II
2026-01-09 23:53:56.258951 INFO::Fitting model to feature number 256, PWY.6125..superpathway.of.guanosine.nucleotides.de.novo.biosynthesis.II
2026-01-09 23:53:56.260873 INFO::Fitting model to feature number 257, PWY.6126..superpathway.of.adenosine.nucleotides.de.novo.biosynthesis.II
2026-01-09 23:53:56.26288 INFO::Fitting model to feature number 258, PWY.6138..CMP.N.acetylneuraminate.biosynthesis.I..eukaryotes.
2026-01-09 23:53:56.264567 INFO::Fitting model to feature number 259, PWY.6143..CMP.pseudaminate.biosynthesis
2026-01-09 23:53:56.266304 INFO::Fitting model to feature number 260, PWY.6147..6.hydroxymethyl.dihydropterin.diphosphate.biosynthesis.I
2026-01-09 23:53:56.268013 INFO::Fitting model to feature number 261, PWY.6151..S.adenosyl.L.methionine.salvage.I
2026-01-09 23:53:56.269587 INFO::Fitting model to feature number 262, PWY.6160..3.dehydroquinate.biosynthesis.II..archaea.
2026-01-09 23:53:56.271275 INFO::Fitting model to feature number 263, PWY.6163..chorismate.biosynthesis.from.3.dehydroquinate
2026-01-09 23:53:56.272849 INFO::Fitting model to feature number 264, PWY.6165..chorismate.biosynthesis.II..archaea.
2026-01-09 23:53:56.274582 INFO::Fitting model to feature number 265, PWY.6167..flavin.biosynthesis.II..archaea.
2026-01-09 23:53:56.27632 INFO::Fitting model to feature number 266, PWY.6168..flavin.biosynthesis.III..fungi.
2026-01-09 23:53:56.27833 INFO::Fitting model to feature number 267, PWY.6182..superpathway.of.salicylate.degradation
2026-01-09 23:53:56.280427 INFO::Fitting model to feature number 268, PWY.6210..2.aminophenol.degradation
2026-01-09 23:53:56.282222 INFO::Fitting model to feature number 269, PWY.6215..4.chlorobenzoate.degradation
2026-01-09 23:53:56.284192 INFO::Fitting model to feature number 270, PWY.622..starch.biosynthesis
2026-01-09 23:53:56.28598 INFO::Fitting model to feature number 271, PWY.6269..superpathway.of.adenosylcobalamin.salvage.from.cobinamide.II
2026-01-09 23:53:56.2877 INFO::Fitting model to feature number 272, PWY.6270..isoprene.biosynthesis.I
2026-01-09 23:53:56.289414 INFO::Fitting model to feature number 273, PWY.6277..superpathway.of.5.aminoimidazole.ribonucleotide.biosynthesis
2026-01-09 23:53:56.291441 INFO::Fitting model to feature number 274, PWY.6281..L.selenocysteine.biosynthesis.II..archaea.and.eukaryotes.
2026-01-09 23:53:56.293653 INFO::Fitting model to feature number 275, PWY.6282..palmitoleate.biosynthesis.I..from..5Z..dodec.5.enoate.
2026-01-09 23:53:56.29551 INFO::Fitting model to feature number 276, PWY.6284..superpathway.of.unsaturated.fatty.acids.biosynthesis..E..coli.
2026-01-09 23:53:56.297343 INFO::Fitting model to feature number 277, PWY.6292..superpathway.of.L.cysteine.biosynthesis..mammalian.
2026-01-09 23:53:56.298993 INFO::Fitting model to feature number 278, PWY.6293..superpathway.of.L.cysteine.biosynthesis..fungi.
2026-01-09 23:53:56.300619 INFO::Fitting model to feature number 279, PWY.6305..superpathway.of.putrescine.biosynthesis
2026-01-09 23:53:56.302353 INFO::Fitting model to feature number 280, PWY.6307..L.tryptophan.degradation.X..mammalian..via.tryptamine.
2026-01-09 23:53:56.303934 INFO::Fitting model to feature number 281, PWY.6309..L.tryptophan.degradation.XI..mammalian..via.kynurenine.
2026-01-09 23:53:56.305526 INFO::Fitting model to feature number 282, PWY.6313..serotonin.degradation
2026-01-09 23:53:56.307387 INFO::Fitting model to feature number 283, PWY.6317..D.galactose.degradation.I..Leloir.pathway.
2026-01-09 23:53:56.309133 INFO::Fitting model to feature number 284, PWY.6328..L.lysine.degradation.X
2026-01-09 23:53:56.310828 INFO::Fitting model to feature number 285, PWY.6339..syringate.degradation
2026-01-09 23:53:56.312465 INFO::Fitting model to feature number 286, PWY.6342..noradrenaline.and.adrenaline.degradation
2026-01-09 23:53:56.314033 INFO::Fitting model to feature number 287, PWY.6344..L.arginine.degradation.XIV..oxidative.Stickland.reaction.
2026-01-09 23:53:56.315806 INFO::Fitting model to feature number 288, PWY.6349..CDP.archaeol.biosynthesis
2026-01-09 23:53:56.317453 INFO::Fitting model to feature number 289, PWY.6351..D.myo.inositol..1.4.5..trisphosphate.biosynthesis
2026-01-09 23:53:56.319203 INFO::Fitting model to feature number 290, PWY.6352..3.phosphoinositide.biosynthesis
2026-01-09 23:53:56.320789 INFO::Fitting model to feature number 291, PWY.6353..purine.nucleotides.degradation.II..aerobic.
2026-01-09 23:53:56.322686 INFO::Fitting model to feature number 292, PWY.6358..superpathway.of.D.myo.inositol..1.4.5..trisphosphate.metabolism
2026-01-09 23:53:56.324318 INFO::Fitting model to feature number 293, PWY.6362..1D.myo.inositol.hexakisphosphate.biosynthesis.II..mammalian.
2026-01-09 23:53:56.326046 INFO::Fitting model to feature number 294, PWY.6367..D.myo.inositol.5.phosphate.metabolism
2026-01-09 23:53:56.328205 INFO::Fitting model to feature number 295, PWY.6368..3.phosphoinositide.degradation
2026-01-09 23:53:56.330127 INFO::Fitting model to feature number 296, PWY.6371..superpathway.of.inositol.phosphate.compounds
2026-01-09 23:53:56.331884 INFO::Fitting model to feature number 297, PWY.6372..1D.myo.inositol.hexakisphosphate.biosynthesis.IV..Dictyostelium.
2026-01-09 23:53:56.333487 INFO::Fitting model to feature number 298, PWY.6383..mono.trans..poly.cis.decaprenyl.phosphate.biosynthesis
2026-01-09 23:53:56.335193 INFO::Fitting model to feature number 299, PWY.6385..peptidoglycan.biosynthesis.III..mycobacteria.
2026-01-09 23:53:56.336759 INFO::Fitting model to feature number 300, PWY.6386..UDP.N.acetylmuramoyl.pentapeptide.biosynthesis.II..lysine.containing.
2026-01-09 23:53:56.338536 INFO::Fitting model to feature number 301, PWY.6387..UDP.N.acetylmuramoyl.pentapeptide.biosynthesis.I..meso.diaminopimelate.containing.
2026-01-09 23:53:56.340329 INFO::Fitting model to feature number 302, PWY.6396..superpathway.of.2.3.butanediol.biosynthesis
2026-01-09 23:53:56.342206 INFO::Fitting model to feature number 303, PWY.6435..4.hydroxybenzoate.biosynthesis.III..plants.
2026-01-09 23:53:56.344032 INFO::Fitting model to feature number 304, PWY.6470..peptidoglycan.biosynthesis.V...beta..lactam.resistance.
2026-01-09 23:53:56.345602 INFO::Fitting model to feature number 305, PWY.6471..peptidoglycan.biosynthesis.IV..Enterococcus.faecium.
2026-01-09 23:53:56.347159 INFO::Fitting model to feature number 306, PWY.6478..GDP.D.glycero..alpha..D.manno.heptose.biosynthesis
2026-01-09 23:53:56.348898 INFO::Fitting model to feature number 307, PWY.6491..D.galacturonate.degradation.III
2026-01-09 23:53:56.350571 INFO::Fitting model to feature number 308, PWY.6505..L.tryptophan.degradation.XII..Geobacillus.
2026-01-09 23:53:56.352277 INFO::Fitting model to feature number 309, PWY.6519..8.amino.7.oxononanoate.biosynthesis.I
2026-01-09 23:53:56.354321 INFO::Fitting model to feature number 310, PWY.6527..stachyose.degradation
2026-01-09 23:53:56.356121 INFO::Fitting model to feature number 311, PWY.6531..mannitol.cycle
2026-01-09 23:53:56.357892 INFO::Fitting model to feature number 312, PWY.6545..pyrimidine.deoxyribonucleotides.de.novo.biosynthesis.III
2026-01-09 23:53:56.359531 INFO::Fitting model to feature number 313, PWY.6549..L.glutamine.biosynthesis.III
2026-01-09 23:53:56.361185 INFO::Fitting model to feature number 314, PWY.6554..1D.myo.inositol.hexakisphosphate.biosynthesis.V..from.Ins.1.3.4.P3.
2026-01-09 23:53:56.362968 INFO::Fitting model to feature number 315, PWY.6555..superpathway.of.1D.myo.inositol.hexakisphosphate.biosynthesis..plants.
2026-01-09 23:53:56.364686 INFO::Fitting model to feature number 316, PWY.6557..glycosaminoglycan.protein.linkage.region.biosynthesis
2026-01-09 23:53:56.366381 INFO::Fitting model to feature number 317, PWY.6558..heparan.sulfate.biosynthesis..late.stages.
2026-01-09 23:53:56.368098 INFO::Fitting model to feature number 318, PWY.6562..norspermidine.biosynthesis
2026-01-09 23:53:56.370033 INFO::Fitting model to feature number 319, PWY.6564..heparan.sulfate.biosynthesis
2026-01-09 23:53:56.371909 INFO::Fitting model to feature number 320, PWY.6565..superpathway.of.polyamine.biosynthesis.III
2026-01-09 23:53:56.373568 INFO::Fitting model to feature number 321, PWY.6569..chondroitin.sulfate.biosynthesis
2026-01-09 23:53:56.375284 INFO::Fitting model to feature number 322, PWY.6571..dermatan.sulfate.biosynthesis
2026-01-09 23:53:56.376865 INFO::Fitting model to feature number 323, PWY.6572..chondroitin.sulfate.degradation.I..bacterial.
2026-01-09 23:53:56.378552 INFO::Fitting model to feature number 324, PWY.6583..pyruvate.fermentation.to.butanol.I
2026-01-09 23:53:56.380087 INFO::Fitting model to feature number 325, PWY.6588..pyruvate.fermentation.to.acetone
2026-01-09 23:53:56.381758 INFO::Fitting model to feature number 326, PWY.6590..superpathway.of.Clostridium.acetobutylicum.acidogenic.fermentation
2026-01-09 23:53:56.38345 INFO::Fitting model to feature number 327, PWY.6594..superpathway.of.Clostridium.acetobutylicum.solventogenic.fermentation
2026-01-09 23:53:56.385168 INFO::Fitting model to feature number 328, PWY.6595..superpathway.of.guanosine.nucleotides.degradation..plants.
2026-01-09 23:53:56.386963 INFO::Fitting model to feature number 329, PWY.6596..adenosine.nucleotides.degradation.I
2026-01-09 23:53:56.388527 INFO::Fitting model to feature number 330, PWY.6598..sciadonate.biosynthesis
2026-01-09 23:53:56.390109 INFO::Fitting model to feature number 331, PWY.6604..superpathway.of.Clostridium.acetobutylicum.acidogenic.and.solventogenic.fermentation
2026-01-09 23:53:56.391672 INFO::Fitting model to feature number 332, PWY.6606..guanosine.nucleotides.degradation.II
2026-01-09 23:53:56.39339 INFO::Fitting model to feature number 333, PWY.6607..guanosine.nucleotides.degradation.I
2026-01-09 23:53:56.395209 INFO::Fitting model to feature number 334, PWY.6609..adenine.and.adenosine.salvage.III
2026-01-09 23:53:56.396979 INFO::Fitting model to feature number 335, PWY.6612..superpathway.of.tetrahydrofolate.biosynthesis
2026-01-09 23:53:56.398834 INFO::Fitting model to feature number 336, PWY.6628..superpathway.of.L.phenylalanine.biosynthesis
2026-01-09 23:53:56.400559 INFO::Fitting model to feature number 337, PWY.6629..superpathway.of.L.tryptophan.biosynthesis
2026-01-09 23:53:56.402685 INFO::Fitting model to feature number 338, PWY.6630..superpathway.of.L.tyrosine.biosynthesis
2026-01-09 23:53:56.405 INFO::Fitting model to feature number 339, PWY.6641..superpathway.of.sulfolactate.degradation
2026-01-09 23:53:56.407078 INFO::Fitting model to feature number 340, PWY.6676..superpathway.of.sulfide.oxidation..phototrophic.sulfur.bacteria.
2026-01-09 23:53:56.409107 INFO::Fitting model to feature number 341, PWY.6690..cinnamate.and.3.hydroxycinnamate.degradation.to.2.hydroxypentadienoate
2026-01-09 23:53:56.411003 INFO::Fitting model to feature number 342, PWY.6692..Fe.II..oxidation
2026-01-09 23:53:56.4129 INFO::Fitting model to feature number 343, PWY.6700..queuosine.biosynthesis.I..de.novo.
2026-01-09 23:53:56.414652 INFO::Fitting model to feature number 344, PWY.6703..preQ0.biosynthesis
2026-01-09 23:53:56.417215 INFO::Fitting model to feature number 345, PWY.6708..ubiquinol.8.biosynthesis..early.decarboxylation.
2026-01-09 23:53:56.419347 INFO::Fitting model to feature number 346, PWY.6713..L.rhamnose.degradation.II
2026-01-09 23:53:56.421345 INFO::Fitting model to feature number 347, PWY.6728..methylaspartate.cycle
2026-01-09 23:53:56.423355 INFO::Fitting model to feature number 348, PWY.6731..starch.degradation.III
2026-01-09 23:53:56.425259 INFO::Fitting model to feature number 349, PWY.6733..sporopollenin.precursors.biosynthesis
2026-01-09 23:53:56.427154 INFO::Fitting model to feature number 350, PWY.6749..CMP.legionaminate.biosynthesis.I
2026-01-09 23:53:56.429107 INFO::Fitting model to feature number 351, PWY.6760..D.xylose.degradation.III
2026-01-09 23:53:56.430851 INFO::Fitting model to feature number 352, PWY.6803..phosphatidylcholine.acyl.editing
2026-01-09 23:53:56.432699 INFO::Fitting model to feature number 353, PWY.6823..molybdopterin.biosynthesis
2026-01-09 23:53:56.434824 INFO::Fitting model to feature number 354, PWY.6837..fatty.acid..beta..oxidation.V..unsaturated..odd.number..di.isomerase.dependent.
2026-01-09 23:53:56.437007 INFO::Fitting model to feature number 355, PWY.6855..chitin.degradation.I..archaea.
2026-01-09 23:53:56.438823 INFO::Fitting model to feature number 356, PWY.6857..retinol.biosynthesis
2026-01-09 23:53:56.440716 INFO::Fitting model to feature number 357, PWY.6859..all.trans.farnesol.biosynthesis
2026-01-09 23:53:56.442672 INFO::Fitting model to feature number 358, PWY.6861..the.visual.cycle.I..vertebrates.
2026-01-09 23:53:56.44458 INFO::Fitting model to feature number 359, PWY.6863..pyruvate.fermentation.to.hexanol..engineered.
2026-01-09 23:53:56.446404 INFO::Fitting model to feature number 360, PWY.6876..isopropanol.biosynthesis..engineered.
2026-01-09 23:53:56.448819 INFO::Fitting model to feature number 361, PWY.6883..pyruvate.fermentation.to.butanol.II..engineered.
2026-01-09 23:53:56.451105 INFO::Fitting model to feature number 362, PWY.6891..thiazole.component.of.thiamine.diphosphate.biosynthesis.II
2026-01-09 23:53:56.453252 INFO::Fitting model to feature number 363, PWY.6892..thiazole.component.of.thiamine.diphosphate.biosynthesis.I
2026-01-09 23:53:56.455304 INFO::Fitting model to feature number 364, PWY.6895..superpathway.of.thiamine.diphosphate.biosynthesis.II
2026-01-09 23:53:56.457155 INFO::Fitting model to feature number 365, PWY.6897..thiamine.diphosphate.salvage.II
2026-01-09 23:53:56.459009 INFO::Fitting model to feature number 366, PWY.6901..superpathway.of.glucose.and.xylose.degradation
2026-01-09 23:53:56.461122 INFO::Fitting model to feature number 367, PWY.6906..chitin.derivatives.degradation
2026-01-09 23:53:56.463169 INFO::Fitting model to feature number 368, PWY.6920..6.gingerol.analog.biosynthesis..engineered.
2026-01-09 23:53:56.465048 INFO::Fitting model to feature number 369, PWY.6922..L.N.delta..acetylornithine.biosynthesis
2026-01-09 23:53:56.46689 INFO::Fitting model to feature number 370, PWY.6936..seleno.amino.acid.biosynthesis..plants.
2026-01-09 23:53:56.468756 INFO::Fitting model to feature number 371, PWY.6942..dTDP.D.desosamine.biosynthesis
2026-01-09 23:53:56.47057 INFO::Fitting model to feature number 372, PWY.6948..sitosterol.degradation.to.androstenedione
2026-01-09 23:53:56.472353 INFO::Fitting model to feature number 373, PWY.6953..dTDP.3.acetamido..alpha..D.fucose.biosynthesis
2026-01-09 23:53:56.474303 INFO::Fitting model to feature number 374, PWY.6961..L.ascorbate.degradation.II..bacterial..aerobic.
2026-01-09 23:53:56.476154 INFO::Fitting model to feature number 375, PWY.6969..TCA.cycle.V..2.oxoglutarate.synthase.
2026-01-09 23:53:56.478079 INFO::Fitting model to feature number 376, PWY.6981..chitin.biosynthesis
2026-01-09 23:53:56.480087 INFO::Fitting model to feature number 377, PWY.6992..1.5.anhydrofructose.degradation
2026-01-09 23:53:56.482369 INFO::Fitting model to feature number 378, PWY.7000..kanamycin.biosynthesis
2026-01-09 23:53:56.484509 INFO::Fitting model to feature number 379, PWY.7003..glycerol.degradation.to.butanol
2026-01-09 23:53:56.486665 INFO::Fitting model to feature number 380, PWY.7009..2.2..dihydroxybiphenyl.degradation
2026-01-09 23:53:56.489177 INFO::Fitting model to feature number 381, PWY.7013...S..propane.1.2.diol.degradation
2026-01-09 23:53:56.491567 INFO::Fitting model to feature number 382, PWY.702..L.methionine.biosynthesis.II
2026-01-09 23:53:56.49348 INFO::Fitting model to feature number 383, PWY.7031..protein.N.glycosylation..bacterial.
2026-01-09 23:53:56.495642 INFO::Fitting model to feature number 384, PWY.7035...9Z..tricosene.biosynthesis
2026-01-09 23:53:56.497645 INFO::Fitting model to feature number 385, PWY.7036..very.long.chain.fatty.acid.biosynthesis.II
2026-01-09 23:53:56.499601 INFO::Fitting model to feature number 386, PWY.7039..phosphatidate.metabolism..as.a.signaling.molecule
2026-01-09 23:53:56.50154 INFO::Fitting model to feature number 387, PWY.7049..icosapentaenoate.biosynthesis.II..6.desaturase..mammals.
2026-01-09 23:53:56.503492 INFO::Fitting model to feature number 388, PWY.7053..docosahexaenoate.biosynthesis.I..lower.eukaryotes.
2026-01-09 23:53:56.505365 INFO::Fitting model to feature number 389, PWY.7072..hopanoid.biosynthesis..bacteria.
2026-01-09 23:53:56.507155 INFO::Fitting model to feature number 390, PWY.7090..UDP.2.3.diacetamido.2.3.dideoxy..alpha..D.mannuronate.biosynthesis
2026-01-09 23:53:56.508908 INFO::Fitting model to feature number 391, PWY.7094..fatty.acid.salvage
2026-01-09 23:53:56.520156 INFO::Fitting model to feature number 392, PWY.7098..vanillin.and.vanillate.degradation.II
2026-01-09 23:53:56.521896 INFO::Fitting model to feature number 393, PWY.7111..pyruvate.fermentation.to.isobutanol..engineered.
2026-01-09 23:53:56.523577 INFO::Fitting model to feature number 394, PWY.7115..C4.photosynthetic.carbon.assimilation.cycle..NAD.ME.type
2026-01-09 23:53:56.525298 INFO::Fitting model to feature number 395, PWY.7117..C4.photosynthetic.carbon.assimilation.cycle..PEPCK.type
2026-01-09 23:53:56.526944 INFO::Fitting model to feature number 396, PWY.7118..chitin.deacetylation
2026-01-09 23:53:56.528526 INFO::Fitting model to feature number 397, PWY.7159..3.8.divinyl.chlorophyllide.a.biosynthesis.III..aerobic..light.independent.
2026-01-09 23:53:56.53007 INFO::Fitting model to feature number 398, PWY.7165..L.ascorbate.biosynthesis.VIII..engineered.pathway.
2026-01-09 23:53:56.531645 INFO::Fitting model to feature number 399, PWY.7184..pyrimidine.deoxyribonucleotides.de.novo.biosynthesis.I
2026-01-09 23:53:56.533249 INFO::Fitting model to feature number 400, PWY.7185..UTP.and.CTP.dephosphorylation.I
2026-01-09 23:53:56.534783 INFO::Fitting model to feature number 401, PWY.7187..pyrimidine.deoxyribonucleotides.de.novo.biosynthesis.II
2026-01-09 23:53:56.536378 INFO::Fitting model to feature number 402, PWY.7196..superpathway.of.pyrimidine.ribonucleosides.salvage
2026-01-09 23:53:56.538031 INFO::Fitting model to feature number 403, PWY.7198..pyrimidine.deoxyribonucleotides.de.novo.biosynthesis.IV
2026-01-09 23:53:56.539724 INFO::Fitting model to feature number 404, PWY.7200..superpathway.of.pyrimidine.deoxyribonucleoside.salvage
2026-01-09 23:53:56.541512 INFO::Fitting model to feature number 405, PWY.7204..pyridoxal.5..phosphate.salvage.II..plants.
2026-01-09 23:53:56.543274 INFO::Fitting model to feature number 406, PWY.7209..superpathway.of.pyrimidine.ribonucleosides.degradation
2026-01-09 23:53:56.544912 INFO::Fitting model to feature number 407, PWY.7210..pyrimidine.deoxyribonucleotides.biosynthesis.from.CTP
2026-01-09 23:53:56.546558 INFO::Fitting model to feature number 408, PWY.7211..superpathway.of.pyrimidine.deoxyribonucleotides.de.novo.biosynthesis
2026-01-09 23:53:56.548065 INFO::Fitting model to feature number 409, PWY.7220..adenosine.deoxyribonucleotides.de.novo.biosynthesis.II
2026-01-09 23:53:56.549845 INFO::Fitting model to feature number 410, PWY.7221..guanosine.ribonucleotides.de.novo.biosynthesis
2026-01-09 23:53:56.551549 INFO::Fitting model to feature number 411, PWY.7222..guanosine.deoxyribonucleotides.de.novo.biosynthesis.II
2026-01-09 23:53:56.553234 INFO::Fitting model to feature number 412, PWY.7228..superpathway.of.guanosine.nucleotides.de.novo.biosynthesis.I
2026-01-09 23:53:56.55497 INFO::Fitting model to feature number 413, PWY.7229..superpathway.of.adenosine.nucleotides.de.novo.biosynthesis.I
2026-01-09 23:53:56.55659 INFO::Fitting model to feature number 414, PWY.7230..ubiquinol.6.biosynthesis.from.4.aminobenzoate..yeast.
2026-01-09 23:53:56.558341 INFO::Fitting model to feature number 415, PWY.7234..inosine.5..phosphate.biosynthesis.III
2026-01-09 23:53:56.560179 INFO::Fitting model to feature number 416, PWY.7235..superpathway.of.ubiquinol.6.biosynthesis..late.decarboxylation.
2026-01-09 23:53:56.561843 INFO::Fitting model to feature number 417, PWY.7237..myo...chiro..and.scyllo.inositol.degradation
2026-01-09 23:53:56.563501 INFO::Fitting model to feature number 418, PWY.7238..sucrose.biosynthesis.II
2026-01-09 23:53:56.565169 INFO::Fitting model to feature number 419, PWY.724..superpathway.of.L.lysine..L.threonine.and.L.methionine.biosynthesis.II
2026-01-09 23:53:56.566927 INFO::Fitting model to feature number 420, PWY.7254..TCA.cycle.VII..acetate.producers.
2026-01-09 23:53:56.568767 INFO::Fitting model to feature number 421, PWY.7269..mitochondrial.NADPH.production..yeast.
2026-01-09 23:53:56.570382 INFO::Fitting model to feature number 422, PWY.7270..L.methionine.salvage.cycle.II..plants.
2026-01-09 23:53:56.57243 INFO::Fitting model to feature number 423, PWY.7277..sphingolipid.biosynthesis..mammals.
2026-01-09 23:53:56.574102 INFO::Fitting model to feature number 424, PWY.7279..aerobic.respiration.II..cytochrome.c...yeast.
2026-01-09 23:53:56.575693 INFO::Fitting model to feature number 425, PWY.7282..4.amino.2.methyl.5.diphosphomethylpyrimidine.biosynthesis.II
2026-01-09 23:53:56.577308 INFO::Fitting model to feature number 426, PWY.7283..wybutosine.biosynthesis
2026-01-09 23:53:56.578953 INFO::Fitting model to feature number 427, PWY.7286..7..3.amino.3.carboxypropyl..wyosine.biosynthesis
2026-01-09 23:53:56.580564 INFO::Fitting model to feature number 428, PWY.7295..L.arabinose.degradation.IV
2026-01-09 23:53:56.5822 INFO::Fitting model to feature number 429, PWY.7312..dTDP..beta..D.fucofuranose.biosynthesis
2026-01-09 23:53:56.583752 INFO::Fitting model to feature number 430, PWY.7315..dTDP.N.acetylthomosamine.biosynthesis
2026-01-09 23:53:56.585322 INFO::Fitting model to feature number 431, PWY.7316..dTDP.N.acetylviosamine.biosynthesis
2026-01-09 23:53:56.586957 INFO::Fitting model to feature number 432, PWY.7317..superpathway.of.dTDP.glucose.derived.O.antigen.building.blocks.biosynthesis
2026-01-09 23:53:56.589457 INFO::Fitting model to feature number 433, PWY.7323..superpathway.of.GDP.mannose.derived.O.antigen.building.blocks.biosynthesis
2026-01-09 23:53:56.591708 INFO::Fitting model to feature number 434, PWY.7328..superpathway.of.UDP.glucose.derived.O.antigen.building.blocks.biosynthesis
2026-01-09 23:53:56.593407 INFO::Fitting model to feature number 435, PWY.7332..superpathway.of.UDP.N.acetylglucosamine.derived.O.antigen.building.blocks.biosynthesis
2026-01-09 23:53:56.594943 INFO::Fitting model to feature number 436, PWY.7337..10.cis.heptadecenoyl.CoA.degradation..yeast.
2026-01-09 23:53:56.596459 INFO::Fitting model to feature number 437, PWY.7338..10.trans.heptadecenoyl.CoA.degradation..reductase.dependent..yeast.
2026-01-09 23:53:56.598274 INFO::Fitting model to feature number 438, PWY.7340..9.cis..11.trans.octadecadienoyl.CoA.degradation..isomerase.dependent..yeast.
2026-01-09 23:53:56.600165 INFO::Fitting model to feature number 439, PWY.7345..superpathway.of.anaerobic.sucrose.degradation
2026-01-09 23:53:56.60194 INFO::Fitting model to feature number 440, PWY.7347..sucrose.biosynthesis.III
2026-01-09 23:53:56.603815 INFO::Fitting model to feature number 441, PWY.7356..thiamine.diphosphate.salvage.IV..yeast.
2026-01-09 23:53:56.605422 INFO::Fitting model to feature number 442, PWY.7357..thiamine.phosphate.formation.from.pyrithiamine.and.oxythiamine..yeast.
2026-01-09 23:53:56.607096 INFO::Fitting model to feature number 443, PWY.7371..1.4.dihydroxy.6.naphthoate.biosynthesis.II
2026-01-09 23:53:56.609004 INFO::Fitting model to feature number 444, PWY.7374..1.4.dihydroxy.6.naphthoate.biosynthesis.I
2026-01-09 23:53:56.610711 INFO::Fitting model to feature number 445, PWY.7376..cob.II.yrinate.a.c.diamide.biosynthesis.II..late.cobalt.incorporation.
2026-01-09 23:53:56.612557 INFO::Fitting model to feature number 446, PWY.7379..mRNA.capping.II
2026-01-09 23:53:56.614326 INFO::Fitting model to feature number 447, PWY.7383..anaerobic.energy.metabolism..invertebrates..cytosol.
2026-01-09 23:53:56.616043 INFO::Fitting model to feature number 448, PWY.7384..anaerobic.energy.metabolism..invertebrates..mitochondrial.
2026-01-09 23:53:56.617714 INFO::Fitting model to feature number 449, PWY.7385..1.3.propanediol.biosynthesis..engineered.
2026-01-09 23:53:56.619729 INFO::Fitting model to feature number 450, PWY.7389..superpathway.of.anaerobic.energy.metabolism..invertebrates.
2026-01-09 23:53:56.621547 INFO::Fitting model to feature number 451, PWY.7391..isoprene.biosynthesis.II..engineered.
2026-01-09 23:53:56.623224 INFO::Fitting model to feature number 452, PWY.7392..taxadiene.biosynthesis..engineered.
2026-01-09 23:53:56.624781 INFO::Fitting model to feature number 453, PWY.7400..L.arginine.biosynthesis.IV..archaebacteria.
2026-01-09 23:53:56.626354 INFO::Fitting model to feature number 454, PWY.7411..phosphatidate.biosynthesis..yeast.
2026-01-09 23:53:56.627968 INFO::Fitting model to feature number 455, PWY.7413..dTDP.6.deoxy..alpha..D.allose.biosynthesis
2026-01-09 23:53:56.629548 INFO::Fitting model to feature number 456, PWY.7420..monoacylglycerol.metabolism..yeast.
2026-01-09 23:53:56.631164 INFO::Fitting model to feature number 457, PWY.7426..complex.N.linked.glycan.biosynthesis..vertebrates.
2026-01-09 23:53:56.632804 INFO::Fitting model to feature number 458, PWY.7431..aromatic.biogenic.amine.degradation..bacteria.
2026-01-09 23:53:56.634474 INFO::Fitting model to feature number 459, PWY.7433..mucin.core.1.and.core.2.O.glycosylation
2026-01-09 23:53:56.636329 INFO::Fitting model to feature number 460, PWY.7434..terminal.O.glycans.residues.modification..via.type.2.precursor.disaccharide.
2026-01-09 23:53:56.638005 INFO::Fitting model to feature number 461, PWY.7456...beta...1.4..mannan.degradation
2026-01-09 23:53:56.639818 INFO::Fitting model to feature number 462, PWY.7480..2.3.dihydroxybenzoate.degradation
2026-01-09 23:53:56.641673 INFO::Fitting model to feature number 463, PWY.7511..protein.ubiquitination
2026-01-09 23:53:56.643517 INFO::Fitting model to feature number 464, PWY.7527..L.methionine.salvage.cycle.III
2026-01-09 23:53:56.645235 INFO::Fitting model to feature number 465, PWY.7528..L.methionine.salvage.cycle.I..bacteria.and.plants.
2026-01-09 23:53:56.646978 INFO::Fitting model to feature number 466, PWY.7546..diphthamide.biosynthesis.II..eukaryotes.
2026-01-09 23:53:56.64857 INFO::Fitting model to feature number 467, PWY.7560..methylerythritol.phosphate.pathway.II
2026-01-09 23:53:56.650431 INFO::Fitting model to feature number 468, PWY.7574..propanoyl.CoA.degradation.II
2026-01-09 23:53:56.65213 INFO::Fitting model to feature number 469, PWY.7592..arachidonate.biosynthesis.III..6.desaturase..mammals.
2026-01-09 23:53:56.653706 INFO::Fitting model to feature number 470, PWY.7601..arachidonate.biosynthesis.IV..8.detaturase..lower.eukaryotes.
2026-01-09 23:53:56.655513 INFO::Fitting model to feature number 471, PWY.7602..icosapentaenoate.biosynthesis.V..8.desaturase..lower.eukaryotes.
2026-01-09 23:53:56.65739 INFO::Fitting model to feature number 472, PWY.7606..docosahexaenoate.biosynthesis.III..6.desaturase..mammals.
2026-01-09 23:53:56.659294 INFO::Fitting model to feature number 473, PWY.7619..juniperonate.biosynthesis
2026-01-09 23:53:56.660967 INFO::Fitting model to feature number 474, PWY.7654...8E.10E..dodeca.8.10.dienol.biosynthesis
2026-01-09 23:53:56.662615 INFO::Fitting model to feature number 475, PWY.7664..oleate.biosynthesis.IV..anaerobic.
2026-01-09 23:53:56.664212 INFO::Fitting model to feature number 476, PWY.7674..CMP.8.amino.3.8.dideoxy.D.manno.octulosonate.biosynthesis
2026-01-09 23:53:56.665985 INFO::Fitting model to feature number 477, PWY.7688..dTDP..alpha..D.ravidosamine.and.dTDP.4.acetyl..alpha..D.ravidosamine.biosynthesis
2026-01-09 23:53:56.667769 INFO::Fitting model to feature number 478, PWY.7722..sulfoquinovose.degradation.II
2026-01-09 23:53:56.669311 INFO::Fitting model to feature number 479, PWY.7723..bacterial.bioluminescence
2026-01-09 23:53:56.671131 INFO::Fitting model to feature number 480, PWY.7724..icosapentaenoate.biosynthesis.III..8.desaturase..mammals.
2026-01-09 23:53:56.672799 INFO::Fitting model to feature number 481, PWY.7725..arachidonate.biosynthesis.V..8.detaturase..mammals.
2026-01-09 23:53:56.674344 INFO::Fitting model to feature number 482, PWY.7726...4Z.7Z.10Z.13Z.16Z..docosapentaenoate.biosynthesis..6.desaturase.
2026-01-09 23:53:56.675977 INFO::Fitting model to feature number 483, PWY.7731..superpathway.of.photosynthetic.hydrogen.production
2026-01-09 23:53:56.677557 INFO::Fitting model to feature number 484, PWY.7761..NAD.salvage.pathway.II..PNC.IV.cycle.
2026-01-09 23:53:56.679152 INFO::Fitting model to feature number 485, PWY.7783..plasmalogen.degradation
2026-01-09 23:53:56.68089 INFO::Fitting model to feature number 486, PWY.7790..UMP.biosynthesis.II
2026-01-09 23:53:56.682776 INFO::Fitting model to feature number 487, PWY.7791..UMP.biosynthesis.III
2026-01-09 23:53:56.684506 INFO::Fitting model to feature number 488, PWY.7799..Arg.N.end.rule.pathway..eukaryotic.
2026-01-09 23:53:56.686365 INFO::Fitting model to feature number 489, PWY.7800..Ac.N.end.rule.pathway
2026-01-09 23:53:56.688243 INFO::Fitting model to feature number 490, PWY.7831..ABH.and.Lewis.epitopes.biosynthesis.from.type.2.precursor.disaccharide
2026-01-09 23:53:56.690039 INFO::Fitting model to feature number 491, PWY.7832..ABH.and.Lewis.epitopes.biosynthesis.from.type.1.precursor.disaccharide
2026-01-09 23:53:56.691831 INFO::Fitting model to feature number 492, PWY.7833..biosynthesis.of.Lewis.epitopes..H..pylori.
2026-01-09 23:53:56.693766 INFO::Fitting model to feature number 493, PWY.7835..superpathway.of.glycosphingolipids.biosynthesis
2026-01-09 23:53:56.695394 INFO::Fitting model to feature number 494, PWY.7836..ganglio.series.glycosphingolipids.biosynthesis
2026-01-09 23:53:56.697067 INFO::Fitting model to feature number 495, PWY.7838..globo.series.glycosphingolipids.biosynthesis
2026-01-09 23:53:56.698804 INFO::Fitting model to feature number 496, PWY.7839..lacto.series.glycosphingolipids.biosynthesis
2026-01-09 23:53:56.700783 INFO::Fitting model to feature number 497, PWY.7840..gala.series.glycosphingolipids.biosynthesis
2026-01-09 23:53:56.703369 INFO::Fitting model to feature number 498, PWY.7841..neolacto.series.glycosphingolipids.biosynthesis
2026-01-09 23:53:56.705101 INFO::Fitting model to feature number 499, PWY.7854..crotonyl.CoA.ethylmalonyl.CoA.hydroxybutyryl.CoA.cycle..engineered.
2026-01-09 23:53:56.70691 INFO::Fitting model to feature number 500, PWY.7858...5Z..dodecenoate.biosynthesis.II
2026-01-09 23:53:56.708508 INFO::Fitting model to feature number 501, PWY.7883..anhydromuropeptides.recycling.II
2026-01-09 23:53:56.710046 INFO::Fitting model to feature number 502, PWY.7894..procollagen.hydroxylation.and.glycosylation
2026-01-09 23:53:56.711505 INFO::Fitting model to feature number 503, PWY.7897..flavonoid.di.C.glucosylation
2026-01-09 23:53:56.713288 INFO::Fitting model to feature number 504, PWY.7919..protein.N.glycosylation.processing.phase..plants.and.animals.
2026-01-09 23:53:56.715223 INFO::Fitting model to feature number 505, PWY.7942..5.oxo.L.proline.metabolism
2026-01-09 23:53:56.716828 INFO::Fitting model to feature number 506, PWY.7979..protein.O.mannosylation.III..mammals..core.M3.
2026-01-09 23:53:56.71865 INFO::Fitting model to feature number 507, PWY.7991..toxoflavin.biosynthesis
2026-01-09 23:53:56.720552 INFO::Fitting model to feature number 508, PWY.7992..superpathway.of.menaquinol.8.biosynthesis.III
2026-01-09 23:53:56.722203 INFO::Fitting model to feature number 509, PWY.7999..vitamin.K.epoxide.cycle
2026-01-09 23:53:56.723835 INFO::Fitting model to feature number 510, PWY.8004..Entner.Doudoroff.pathway.I
2026-01-09 23:53:56.725533 INFO::Fitting model to feature number 511, PWY.801..homocysteine.and.cysteine.interconversion
2026-01-09 23:53:56.727181 INFO::Fitting model to feature number 512, PWY.8020..D.xylose.degradation.V
2026-01-09 23:53:56.728906 INFO::Fitting model to feature number 513, PWY.8041..ultra.long.chain.fatty.acid.biosynthesis
2026-01-09 23:53:56.73064 INFO::Fitting model to feature number 514, PWY.8051..anandamide.biosynthesis.I
2026-01-09 23:53:56.732184 INFO::Fitting model to feature number 515, PWY.8052..2.arachidonoylglycerol.biosynthesis
2026-01-09 23:53:56.734055 INFO::Fitting model to feature number 516, PWY.8053..anandamide.biosynthesis.II
2026-01-09 23:53:56.735787 INFO::Fitting model to feature number 517, PWY.8055..palmitoyl.ethanolamide.biosynthesis
2026-01-09 23:53:56.7375 INFO::Fitting model to feature number 518, PWY.8073..lipid.IVA.biosynthesis..P..putida.
2026-01-09 23:53:56.739248 INFO::Fitting model to feature number 519, PWY.8086...S..lactate.fermentation.to.propanoate..acetate.and.hydrogen
2026-01-09 23:53:56.740807 INFO::Fitting model to feature number 520, PWY.8125..mevalonate.pathway.IV..archaea.
2026-01-09 23:53:56.742528 INFO::Fitting model to feature number 521, PWY.8134..bile.acid.7.beta..dehydroxylation
2026-01-09 23:53:56.744271 INFO::Fitting model to feature number 522, PWY.8142..L.ascorbate.biosynthesis.VI..plants..myo.inositol.pathway.
2026-01-09 23:53:56.746027 INFO::Fitting model to feature number 523, PWY.8173..anteiso.branched.chain.fatty.acid.biosynthesis
2026-01-09 23:53:56.747631 INFO::Fitting model to feature number 524, PWY.8174..odd.iso.branched.chain.fatty.acid.biosynthesis
2026-01-09 23:53:56.749207 INFO::Fitting model to feature number 525, PWY.8175..even.iso.branched.chain.fatty.acid.biosynthesis
2026-01-09 23:53:56.750892 INFO::Fitting model to feature number 526, PWY.8178..pentose.phosphate.pathway..non.oxidative.branch..II
2026-01-09 23:53:56.752576 INFO::Fitting model to feature number 527, PWY.8181..2.methyl.branched.fatty.acid..beta..oxidation
2026-01-09 23:53:56.754411 INFO::Fitting model to feature number 528, PWY.8182..valproate..beta..oxidation
2026-01-09 23:53:56.75622 INFO::Fitting model to feature number 529, PWY.8187..L.arginine.degradation.XIII..reductive.Stickland.reaction.
2026-01-09 23:53:56.757917 INFO::Fitting model to feature number 530, PWY.8190..L.glutamate.degradation.XI..reductive.Stickland.reaction.
2026-01-09 23:53:56.759763 INFO::Fitting model to feature number 531, PWY.821..superpathway.of.sulfur.amino.acid.biosynthesis..Saccharomyces.cerevisiae.
2026-01-09 23:53:56.761837 INFO::Fitting model to feature number 532, PWY.822..fructan.biosynthesis
2026-01-09 23:53:56.763411 INFO::Fitting model to feature number 533, PWY.841..superpathway.of.purine.nucleotides.de.novo.biosynthesis.I
2026-01-09 23:53:56.765089 INFO::Fitting model to feature number 534, PWY.922..mevalonate.pathway.I..eukaryotes.and.bacteria.
2026-01-09 23:53:56.76661 INFO::Fitting model to feature number 535, PWY.I9..L.cysteine.biosynthesis.VI..from.L.methionine.
2026-01-09 23:53:56.768421 INFO::Fitting model to feature number 536, PWY0.1061..superpathway.of.L.alanine.biosynthesis
2026-01-09 23:53:56.770025 INFO::Fitting model to feature number 537, PWY0.1241..ADP.L.glycero..beta..D.manno.heptose.biosynthesis
2026-01-09 23:53:56.771634 INFO::Fitting model to feature number 538, PWY0.1261..anhydromuropeptides.recycling.I
2026-01-09 23:53:56.7735 INFO::Fitting model to feature number 539, PWY0.1277..3.phenylpropanoate.and.3..3.hydroxyphenyl.propanoate.degradation
2026-01-09 23:53:56.775253 INFO::Fitting model to feature number 540, PWY0.1297..superpathway.of.purine.deoxyribonucleosides.degradation
2026-01-09 23:53:56.777156 INFO::Fitting model to feature number 541, PWY0.1298..superpathway.of.pyrimidine.deoxyribonucleosides.degradation
2026-01-09 23:53:56.778847 INFO::Fitting model to feature number 542, PWY0.1319..CDP.diacylglycerol.biosynthesis.II
2026-01-09 23:53:56.780449 INFO::Fitting model to feature number 543, PWY0.1337..oleate..beta..oxidation
2026-01-09 23:53:56.782043 INFO::Fitting model to feature number 544, PWY0.1338..polymyxin.resistance
2026-01-09 23:53:56.783776 INFO::Fitting model to feature number 545, PWY0.1415..superpathway.of.heme.b.biosynthesis.from.uroporphyrinogen.III
2026-01-09 23:53:56.785304 INFO::Fitting model to feature number 546, PWY0.1477..ethanolamine.utilization
2026-01-09 23:53:56.787306 INFO::Fitting model to feature number 547, PWY0.1479..tRNA.processing
2026-01-09 23:53:56.788954 INFO::Fitting model to feature number 548, PWY0.1533..methylphosphonate.degradation.I
2026-01-09 23:53:56.790891 INFO::Fitting model to feature number 549, PWY0.1586..peptidoglycan.maturation..meso.diaminopimelate.containing.
2026-01-09 23:53:56.79269 INFO::Fitting model to feature number 550, PWY0.162..superpathway.of.pyrimidine.ribonucleotides.de.novo.biosynthesis
2026-01-09 23:53:56.794401 INFO::Fitting model to feature number 551, PWY0.166..superpathway.of.pyrimidine.deoxyribonucleotides.de.novo.biosynthesis..E..coli.
2026-01-09 23:53:56.796128 INFO::Fitting model to feature number 552, PWY0.301..L.ascorbate.degradation.I..bacterial..anaerobic.
2026-01-09 23:53:56.798122 INFO::Fitting model to feature number 553, PWY0.321..phenylacetate.degradation.I..aerobic.
2026-01-09 23:53:56.800125 INFO::Fitting model to feature number 554, PWY0.42..2.methylcitrate.cycle.I
2026-01-09 23:53:56.801822 INFO::Fitting model to feature number 555, PWY0.461..L.lysine.degradation.I
2026-01-09 23:53:56.803431 INFO::Fitting model to feature number 556, PWY0.781..aspartate.superpathway
2026-01-09 23:53:56.805011 INFO::Fitting model to feature number 557, PWY0.845..superpathway.of.pyridoxal.5..phosphate.biosynthesis.and.salvage
2026-01-09 23:53:56.806789 INFO::Fitting model to feature number 558, PWY0.862...5Z..dodecenoate.biosynthesis.I
2026-01-09 23:53:56.808455 INFO::Fitting model to feature number 559, PWY1F.FLAVSYN..flavonoid.biosynthesis
2026-01-09 23:53:56.809983 INFO::Fitting model to feature number 560, PWY1G.0..mycothiol.biosynthesis
2026-01-09 23:53:56.811539 INFO::Fitting model to feature number 561, PWY1ZNC.1..assimilatory.sulfate.reduction.IV
2026-01-09 23:53:56.813056 INFO::Fitting model to feature number 562, PWY3DJ.12..ceramide.de.novo.biosynthesis
2026-01-09 23:53:56.814643 INFO::Fitting model to feature number 563, PWY3DJ.35471..L.ascorbate.biosynthesis.IV..animals..D.glucuronate.pathway.
2026-01-09 23:53:56.816326 INFO::Fitting model to feature number 564, PWY3O.19..ubiquinol.6.biosynthesis..late.decarboxylation.
2026-01-09 23:53:56.817909 INFO::Fitting model to feature number 565, PWY3O.4107..NAD.salvage.pathway.V..PNC.V.cycle.
2026-01-09 23:53:56.8195 INFO::Fitting model to feature number 566, PWY490.3..nitrate.reduction.VI..assimilatory.
2026-01-09 23:53:56.821256 INFO::Fitting model to feature number 567, PWY4FS.7..phosphatidylglycerol.biosynthesis.I..plastidic.
2026-01-09 23:53:56.823226 INFO::Fitting model to feature number 568, PWY4FS.8..phosphatidylglycerol.biosynthesis.II..non.plastidic.
2026-01-09 23:53:56.824892 INFO::Fitting model to feature number 569, PWY4LZ.257..superpathway.of.fermentation..Chlamydomonas.reinhardtii.
2026-01-09 23:53:56.826745 INFO::Fitting model to feature number 570, PWY5F9.12..biphenyl.degradation
2026-01-09 23:53:56.82825 INFO::Fitting model to feature number 571, PWY66.201..nicotine.degradation.IV
2026-01-09 23:53:56.829975 INFO::Fitting model to feature number 572, PWY66.301..catecholamine.biosynthesis
2026-01-09 23:53:56.831581 INFO::Fitting model to feature number 573, PWY66.367..ketogenesis
2026-01-09 23:53:56.833204 INFO::Fitting model to feature number 574, PWY66.373..sucrose.degradation.V..sucrose..alpha..glucosidase.
2026-01-09 23:53:56.834956 INFO::Fitting model to feature number 575, PWY66.374..C20.prostanoid.biosynthesis
2026-01-09 23:53:56.836542 INFO::Fitting model to feature number 576, PWY66.375..leukotriene.biosynthesis
2026-01-09 23:53:56.838465 INFO::Fitting model to feature number 577, PWY66.378..androgen.biosynthesis
2026-01-09 23:53:56.840202 INFO::Fitting model to feature number 578, PWY66.388..ceramide.degradation.by..alpha..oxidation
2026-01-09 23:53:56.84177 INFO::Fitting model to feature number 579, PWY66.389..phytol.degradation
2026-01-09 23:53:56.843376 INFO::Fitting model to feature number 580, PWY66.391..fatty.acid..beta..oxidation.VI..mammalian.peroxisome.
2026-01-09 23:53:56.844983 INFO::Fitting model to feature number 581, PWY66.394..aspirin.triggered.resolvin.E.biosynthesis
2026-01-09 23:53:56.846801 INFO::Fitting model to feature number 582, PWY66.398..TCA.cycle.III..animals.
2026-01-09 23:53:56.848424 INFO::Fitting model to feature number 583, PWY66.399..gluconeogenesis.III
2026-01-09 23:53:56.849915 INFO::Fitting model to feature number 584, PWY66.409..superpathway.of.purine.nucleotide.salvage
2026-01-09 23:53:56.851424 INFO::Fitting model to feature number 585, PWY66.430..myristate.biosynthesis..mitochondria.
2026-01-09 23:53:56.853283 INFO::Fitting model to feature number 586, PWY6666.2..dopamine.degradation
2026-01-09 23:53:56.855707 INFO::Fitting model to feature number 587, PYRIDNUCSAL.PWY..NAD.salvage.pathway.I..PNC.VI.cycle.
2026-01-09 23:53:56.857404 INFO::Fitting model to feature number 588, PYRIDNUCSYN.PWY..NAD.de.novo.biosynthesis.I..from.aspartate.
2026-01-09 23:53:56.859101 INFO::Fitting model to feature number 589, PYRIDOXSYN.PWY..pyridoxal.5..phosphate.biosynthesis.I
2026-01-09 23:53:56.860725 INFO::Fitting model to feature number 590, REDCITCYC..TCA.cycle.VI..Helicobacter.
2026-01-09 23:53:56.862657 INFO::Fitting model to feature number 591, RHAMCAT.PWY..L.rhamnose.degradation.I
2026-01-09 23:53:56.864275 INFO::Fitting model to feature number 592, RIBOSYN2.PWY..flavin.biosynthesis.I..bacteria.and.plants.
2026-01-09 23:53:56.866133 INFO::Fitting model to feature number 593, RUMP.PWY..formaldehyde.oxidation.I
2026-01-09 23:53:56.867841 INFO::Fitting model to feature number 594, SALVADEHYPOX.PWY..adenosine.nucleotides.degradation.II
2026-01-09 23:53:56.869612 INFO::Fitting model to feature number 595, SER.GLYSYN.PWY..superpathway.of.L.serine.and.glycine.biosynthesis.I
2026-01-09 23:53:56.871358 INFO::Fitting model to feature number 596, SO4ASSIM.PWY..assimilatory.sulfate.reduction.I
2026-01-09 23:53:56.873177 INFO::Fitting model to feature number 597, SPHINGOLIPID.SYN.PWY..sphingolipid.biosynthesis..yeast.
2026-01-09 23:53:56.874889 INFO::Fitting model to feature number 598, SUCSYN.PWY..sucrose.biosynthesis.I..from.photosynthesis.
2026-01-09 23:53:56.876549 INFO::Fitting model to feature number 599, SULFATE.CYS.PWY..superpathway.of.sulfate.assimilation.and.cysteine.biosynthesis
2026-01-09 23:53:56.878199 INFO::Fitting model to feature number 600, TCA.GLYOX.BYPASS..superpathway.of.glyoxylate.bypass.and.TCA
2026-01-09 23:53:56.879839 INFO::Fitting model to feature number 601, TCA..TCA.cycle.I..prokaryotic.
2026-01-09 23:53:56.881416 INFO::Fitting model to feature number 602, TEICHOICACID.PWY..poly.glycerol.phosphate..wall.teichoic.acid.biosynthesis
2026-01-09 23:53:56.883075 INFO::Fitting model to feature number 603, THISYN.PWY..superpathway.of.thiamine.diphosphate.biosynthesis.I
2026-01-09 23:53:56.884678 INFO::Fitting model to feature number 604, THISYNARA.PWY..superpathway.of.thiamine.diphosphate.biosynthesis.III..eukaryotes.
2026-01-09 23:53:56.886691 INFO::Fitting model to feature number 605, THREOCAT.PWY..superpathway.of.L.threonine.metabolism
2026-01-09 23:53:56.888337 INFO::Fitting model to feature number 606, THRESYN.PWY..superpathway.of.L.threonine.biosynthesis
2026-01-09 23:53:56.889816 INFO::Fitting model to feature number 607, TRIGLSYN.PWY..diacylglycerol.and.triacylglycerol.biosynthesis
2026-01-09 23:53:56.891525 INFO::Fitting model to feature number 608, TRNA.CHARGING.PWY..tRNA.charging
2026-01-09 23:53:56.893177 INFO::Fitting model to feature number 609, TRPSYN.PWY..L.tryptophan.biosynthesis
2026-01-09 23:53:56.894834 INFO::Fitting model to feature number 610, TRYPTOPHAN.DEGRADATION.1..L.tryptophan.degradation.III..eukaryotic.
2026-01-09 23:53:56.896389 INFO::Fitting model to feature number 611, TYRFUMCAT.PWY..L.tyrosine.degradation.I
2026-01-09 23:53:56.898187 INFO::Fitting model to feature number 612, UBISYN.PWY..superpathway.of.ubiquinol.8.biosynthesis..early.decarboxylation.
2026-01-09 23:53:56.900044 INFO::Fitting model to feature number 613, UDPNACETYLGALSYN.PWY..UDP.N.acetyl.D.glucosamine.biosynthesis.II
2026-01-09 23:53:56.902082 INFO::Fitting model to feature number 614, UDPNAGSYN.PWY..UDP.N.acetyl.D.glucosamine.biosynthesis.I
2026-01-09 23:53:56.903792 INFO::Fitting model to feature number 615, URDEGR.PWY..superpathway.of.allantoin.degradation.in.plants
2026-01-09 23:53:56.905465 INFO::Fitting model to feature number 616, URSIN.PWY..ureide.biosynthesis
2026-01-09 23:53:56.907295 INFO::Fitting model to feature number 617, VALDEG.PWY..L.valine.degradation.I
2026-01-09 23:53:56.908934 INFO::Fitting model to feature number 618, VALSYN.PWY..L.valine.biosynthesis
2026-01-09 23:53:56.933905 INFO::Counting total values for each feature
2026-01-09 23:53:56.944313 INFO::Writing filtered data to file C:/Users/36094/Desktop/pc047oma/analyses/data/02_functional_profiling/maaslin2_pathway_results/features/filtered_data.tsv
2026-01-09 23:53:56.955681 INFO::Writing filtered, normalized data to file C:/Users/36094/Desktop/pc047oma/analyses/data/02_functional_profiling/maaslin2_pathway_results/features/filtered_data_norm.tsv
2026-01-09 23:53:56.966451 INFO::Writing filtered, normalized, transformed data to file C:/Users/36094/Desktop/pc047oma/analyses/data/02_functional_profiling/maaslin2_pathway_results/features/filtered_data_norm_transformed.tsv
2026-01-09 23:53:56.980311 WARNING::Deleting existing residuals file: C:/Users/36094/Desktop/pc047oma/analyses/data/02_functional_profiling/maaslin2_pathway_results/fits/residuals.rds
2026-01-09 23:53:56.982027 INFO::Writing residuals to file C:/Users/36094/Desktop/pc047oma/analyses/data/02_functional_profiling/maaslin2_pathway_results/fits/residuals.rds
2026-01-09 23:53:56.985507 WARNING::Deleting existing fitted file: C:/Users/36094/Desktop/pc047oma/analyses/data/02_functional_profiling/maaslin2_pathway_results/fits/fitted.rds
2026-01-09 23:53:56.986881 INFO::Writing fitted values to file C:/Users/36094/Desktop/pc047oma/analyses/data/02_functional_profiling/maaslin2_pathway_results/fits/fitted.rds
2026-01-09 23:53:56.989301 INFO::Writing all results to file (ordered by increasing q-values): C:/Users/36094/Desktop/pc047oma/analyses/data/02_functional_profiling/maaslin2_pathway_results/all_results.tsv
2026-01-09 23:53:56.995704 INFO::Writing the significant results (those which are less than or equal to the threshold of 0.250000 ) to file (ordered by increasing q-values): C:/Users/36094/Desktop/pc047oma/analyses/data/02_functional_profiling/maaslin2_pathway_results/significant_results.tsv
2026-01-09 23:53:56.997117 INFO::Writing heatmap of significant results to file: C:/Users/36094/Desktop/pc047oma/analyses/data/02_functional_profiling/maaslin2_pathway_results/heatmap.pdf
2026-01-09 23:53:56.999059 INFO::Writing association plots (one for each significant association) to output folder: C:/Users/36094/Desktop/pc047oma/analyses/data/02_functional_profiling/maaslin2_pathway_results
